<?xml version="1.0" encoding="UTF-8"?>
<!-- Generated by org.testng.reporters.JUnitReportReporter -->
<testsuite hostname="DESKTOP-BL5APCA" failures="0" tests="1" name="testCases.TC001_AccountRegistrationTest" time="2.411" errors="0" timestamp="2024-10-31T18:02:33 EEST" skipped="0">
  <testcase classname="testCases.TC001_AccountRegistrationTest" name="verify_account_registration" time="2.411"/>
</testsuite> <!-- testCases.TC001_AccountRegistrationTest -->
